[debug] [2025-07-28T13:39:04.774Z] ----------------------------------------------------------------------
[debug] [2025-07-28T13:39:04.778Z] Command:       C:\Program Files\nodejs\node.exe C:\Users\Sijey\AppData\Roaming\npm\node_modules\firebase-tools\lib\bin\firebase.js init
[debug] [2025-07-28T13:39:04.779Z] CLI Version:   14.11.1
[debug] [2025-07-28T13:39:04.780Z] Platform:      win32
[debug] [2025-07-28T13:39:04.780Z] Node Version:  v22.17.1
[debug] [2025-07-28T13:39:04.780Z] Time:          Mon Jul 28 2025 16:39:04 GMT+0300 (East Africa Time)
[debug] [2025-07-28T13:39:04.781Z] ----------------------------------------------------------------------
[debug] 
[debug] [2025-07-28T13:39:04.792Z] > command requires scopes: ["email","openid","https://www.googleapis.com/auth/cloudplatformprojects.readonly","https://www.googleapis.com/auth/firebase","https://www.googleapis.com/auth/cloud-platform"]
[debug] [2025-07-28T13:39:04.793Z] > authorizing via signed-in user (charlseochieng01@gmail.com)
[info] 
     ######## #### ########  ######## ########     ###     ######  ########
     ##        ##  ##     ## ##       ##     ##  ##   ##  ##       ##
     ######    ##  ########  ######   ########  #########  ######  ######
     ##        ##  ##    ##  ##       ##     ## ##     ##       ## ##
     ##       #### ##     ## ######## ########  ##     ##  ######  ########

You're about to initialize a Firebase project in this directory:

  C:\Users\Sijey\Desktop\LPD MS

[info] 
=== Project Setup
[info] 
[info] First, let's associate this project directory with a Firebase project.
[info] You can create multiple project aliases by running firebase use --add, 
[info] but for now we'll just set up a default project.
[info] 
[debug] [2025-07-28T13:47:16.696Z] Checked if tokens are valid: true, expires at: 1753711810426
[debug] [2025-07-28T13:47:16.696Z] Checked if tokens are valid: true, expires at: 1753711810426
[debug] [2025-07-28T13:47:16.699Z] >>> [apiv2][query] GET https://firebase.googleapis.com/v1beta1/projects pageSize=100
[debug] [2025-07-28T13:47:17.527Z] <<< [apiv2][status] GET https://firebase.googleapis.com/v1beta1/projects 200
[debug] [2025-07-28T13:47:17.528Z] <<< [apiv2][body] GET https://firebase.googleapis.com/v1beta1/projects [omitted]
[info] i  Using project lpd-1-f3f9e (lpd 1) 
[info] 
=== Firestore Setup
[info] i  firestore: ensuring required API firestore.googleapis.com is enabled... 
[debug] [2025-07-28T13:47:19.492Z] Checked if tokens are valid: true, expires at: 1753711810426
[debug] [2025-07-28T13:47:19.493Z] Checked if tokens are valid: true, expires at: 1753711810426
[debug] [2025-07-28T13:47:19.493Z] >>> [apiv2][query] GET https://serviceusage.googleapis.com/v1/projects/lpd-1-f3f9e/services/firestore.googleapis.com [none]
[debug] [2025-07-28T13:47:19.493Z] >>> [apiv2][(partial)header] GET https://serviceusage.googleapis.com/v1/projects/lpd-1-f3f9e/services/firestore.googleapis.com x-goog-quota-user=projects/lpd-1-f3f9e
[debug] [2025-07-28T13:47:21.354Z] <<< [apiv2][status] GET https://serviceusage.googleapis.com/v1/projects/lpd-1-f3f9e/services/firestore.googleapis.com 200
[debug] [2025-07-28T13:47:21.355Z] <<< [apiv2][body] GET https://serviceusage.googleapis.com/v1/projects/lpd-1-f3f9e/services/firestore.googleapis.com [omitted]
[warn] !  firestore: missing required API firestore.googleapis.com. Enabling now... 
[debug] [2025-07-28T13:47:21.363Z] Checked if tokens are valid: true, expires at: 1753711810426
[debug] [2025-07-28T13:47:21.363Z] Checked if tokens are valid: true, expires at: 1753711810426
[debug] [2025-07-28T13:47:21.364Z] >>> [apiv2][query] POST https://serviceusage.googleapis.com/v1/projects/lpd-1-f3f9e/services/firestore.googleapis.com:enable [none]
[debug] [2025-07-28T13:47:21.364Z] >>> [apiv2][(partial)header] POST https://serviceusage.googleapis.com/v1/projects/lpd-1-f3f9e/services/firestore.googleapis.com:enable x-goog-quota-user=projects/lpd-1-f3f9e
[debug] [2025-07-28T13:47:23.255Z] <<< [apiv2][status] POST https://serviceusage.googleapis.com/v1/projects/lpd-1-f3f9e/services/firestore.googleapis.com:enable 200
[debug] [2025-07-28T13:47:23.256Z] <<< [apiv2][body] POST https://serviceusage.googleapis.com/v1/projects/lpd-1-f3f9e/services/firestore.googleapis.com:enable [omitted]
[debug] [2025-07-28T13:47:33.349Z] Checked if tokens are valid: true, expires at: 1753711810426
[debug] [2025-07-28T13:47:33.349Z] Checked if tokens are valid: true, expires at: 1753711810426
[debug] [2025-07-28T13:47:33.350Z] >>> [apiv2][query] GET https://firestore.googleapis.com/v1/projects/lpd-1-f3f9e/databases [none]
[debug] [2025-07-28T13:47:34.620Z] <<< [apiv2][status] GET https://firestore.googleapis.com/v1/projects/lpd-1-f3f9e/databases 200
[debug] [2025-07-28T13:47:34.620Z] <<< [apiv2][body] GET https://firestore.googleapis.com/v1/projects/lpd-1-f3f9e/databases {}
[debug] [2025-07-28T13:47:34.621Z] Checked if tokens are valid: true, expires at: 1753711810426
[debug] [2025-07-28T13:47:34.622Z] Checked if tokens are valid: true, expires at: 1753711810426
[debug] [2025-07-28T13:47:34.622Z] >>> [apiv2][query] GET https://firestore.googleapis.com/v1/projects/lpd-1-f3f9e/locations [none]
[debug] [2025-07-28T13:47:34.963Z] <<< [apiv2][status] GET https://firestore.googleapis.com/v1/projects/lpd-1-f3f9e/locations 200
[debug] [2025-07-28T13:47:34.964Z] <<< [apiv2][body] GET https://firestore.googleapis.com/v1/projects/lpd-1-f3f9e/locations {"locations":[{"name":"projects/lpd-1-f3f9e/locations/eur3","labels":{"appengine.googleapis.com/geo":"europe-west","cloud.googleapis.com/location":"eur3","cloud.googleapis.com/geo":"eur3"},"metadata":{"@type":"type.googleapis.com/google.firestore.admin.v1.LocationMetadata"},"locationId":"eur3","displayName":"Europe"},{"name":"projects/lpd-1-f3f9e/locations/nam5","labels":{"appengine.googleapis.com/geo":"us-central","cloud.googleapis.com/location":"nam5","cloud.googleapis.com/geo":"nam5"},"metadata":{"@type":"type.googleapis.com/google.firestore.admin.v1.LocationMetadata"},"locationId":"nam5","displayName":"United States"},{"name":"projects/lpd-1-f3f9e/locations/nam7","labels":{"cloud.googleapis.com/location":"nam7","cloud.googleapis.com/geo":"nam7"},"metadata":{"@type":"type.googleapis.com/google.firestore.admin.v1.LocationMetadata"},"locationId":"nam7","displayName":"United States"},{"name":"projects/lpd-1-f3f9e/locations/africa-south1","labels":{"cloud.googleapis.com/location":"africa-south1","cloud.googleapis.com/region":"africa-south1"},"metadata":{"@type":"type.googleapis.com/google.firestore.admin.v1.LocationMetadata"},"locationId":"africa-south1","displayName":"Johannesburg"},{"name":"projects/lpd-1-f3f9e/locations/asia-east1","labels":{"appengine.googleapis.com/region":"asia-east1","cloud.googleapis.com/location":"asia-east1","cloud.googleapis.com/region":"asia-east1"},"metadata":{"@type":"type.googleapis.com/google.firestore.admin.v1.LocationMetadata"},"locationId":"asia-east1","displayName":"Taiwan"},{"name":"projects/lpd-1-f3f9e/locations/asia-east2","labels":{"appengine.googleapis.com/region":"asia-east2","cloud.googleapis.com/location":"asia-east2","cloud.googleapis.com/region":"asia-east2"},"metadata":{"@type":"type.googleapis.com/google.firestore.admin.v1.LocationMetadata"},"locationId":"asia-east2","displayName":"Hong Kong"},{"name":"projects/lpd-1-f3f9e/locations/asia-northeast1","labels":{"appengine.googleapis.com/region":"asia-northeast1","cloud.googleapis.com/location":"asia-northeast1","cloud.googleapis.com/region":"asia-northeast1"},"metadata":{"@type":"type.googleapis.com/google.firestore.admin.v1.LocationMetadata"},"locationId":"asia-northeast1","displayName":"Tokyo"},{"name":"projects/lpd-1-f3f9e/locations/asia-northeast2","labels":{"appengine.googleapis.com/region":"asia-northeast2","cloud.googleapis.com/location":"asia-northeast2","cloud.googleapis.com/region":"asia-northeast2"},"metadata":{"@type":"type.googleapis.com/google.firestore.admin.v1.LocationMetadata"},"locationId":"asia-northeast2","displayName":"Osaka"},{"name":"projects/lpd-1-f3f9e/locations/asia-northeast3","labels":{"appengine.googleapis.com/region":"asia-northeast3","cloud.googleapis.com/location":"asia-northeast3","cloud.googleapis.com/region":"asia-northeast3"},"metadata":{"@type":"type.googleapis.com/google.firestore.admin.v1.LocationMetadata"},"locationId":"asia-northeast3","displayName":"Seoul"},{"name":"projects/lpd-1-f3f9e/locations/asia-south1","labels":{"appengine.googleapis.com/region":"asia-south1","cloud.googleapis.com/location":"asia-south1","cloud.googleapis.com/region":"asia-south1"},"metadata":{"@type":"type.googleapis.com/google.firestore.admin.v1.LocationMetadata"},"locationId":"asia-south1","displayName":"Mumbai"},{"name":"projects/lpd-1-f3f9e/locations/asia-south2","labels":{"cloud.googleapis.com/location":"asia-south2","cloud.googleapis.com/region":"asia-south2"},"metadata":{"@type":"type.googleapis.com/google.firestore.admin.v1.LocationMetadata"},"locationId":"asia-south2","displayName":"Delhi"},{"name":"projects/lpd-1-f3f9e/locations/asia-southeast1","labels":{"appengine.googleapis.com/region":"asia-southeast1","cloud.googleapis.com/location":"asia-southeast1","cloud.googleapis.com/region":"asia-southeast1"},"metadata":{"@type":"type.googleapis.com/google.firestore.admin.v1.LocationMetadata"},"locationId":"asia-southeast1","displayName":"Singapore"},{"name":"projects/lpd-1-f3f9e/locations/asia-southeast2","labels":{"appengine.googleapis.com/region":"asia-southeast2","cloud.googleapis.com/location":"asia-southeast2","cloud.googleapis.com/region":"asia-southeast2"},"metadata":{"@type":"type.googleapis.com/google.firestore.admin.v1.LocationMetadata"},"locationId":"asia-southeast2","displayName":"Jakarta"},{"name":"projects/lpd-1-f3f9e/locations/australia-southeast1","labels":{"appengine.googleapis.com/region":"australia-southeast1","cloud.googleapis.com/location":"australia-southeast1","cloud.googleapis.com/region":"australia-southeast1"},"metadata":{"@type":"type.googleapis.com/google.firestore.admin.v1.LocationMetadata"},"locationId":"australia-southeast1","displayName":"Sydney"},{"name":"projects/lpd-1-f3f9e/locations/australia-southeast2","labels":{"cloud.googleapis.com/location":"australia-southeast2","cloud.googleapis.com/region":"australia-southeast2"},"metadata":{"@type":"type.googleapis.com/google.firestore.admin.v1.LocationMetadata"},"locationId":"australia-southeast2","displayName":"Melbourne"},{"name":"projects/lpd-1-f3f9e/locations/europe-central2","labels":{"appengine.googleapis.com/region":"europe-central2","cloud.googleapis.com/location":"europe-central2","cloud.googleapis.com/region":"europe-central2"},"metadata":{"@type":"type.googleapis.com/google.firestore.admin.v1.LocationMetadata"},"locationId":"europe-central2","displayName":"Warsaw"},{"name":"projects/lpd-1-f3f9e/locations/europe-north1","labels":{"cloud.googleapis.com/location":"europe-north1","cloud.googleapis.com/region":"europe-north1"},"metadata":{"@type":"type.googleapis.com/google.firestore.admin.v1.LocationMetadata"},"locationId":"europe-north1","displayName":"Finland"},{"name":"projects/lpd-1-f3f9e/locations/europe-north2","labels":{"cloud.googleapis.com/location":"europe-north2","cloud.googleapis.com/region":"europe-north2"},"metadata":{"@type":"type.googleapis.com/google.firestore.admin.v1.LocationMetadata"},"locationId":"europe-north2","displayName":"Stockholm"},{"name":"projects/lpd-1-f3f9e/locations/europe-southwest1","labels":{"cloud.googleapis.com/location":"europe-southwest1","cloud.googleapis.com/region":"europe-southwest1"},"metadata":{"@type":"type.googleapis.com/google.firestore.admin.v1.LocationMetadata"},"locationId":"europe-southwest1","displayName":"Madrid"},{"name":"projects/lpd-1-f3f9e/locations/europe-west1","labels":{"cloud.googleapis.com/location":"europe-west1","cloud.googleapis.com/region":"europe-west1"},"metadata":{"@type":"type.googleapis.com/google.firestore.admin.v1.LocationMetadata"},"locationId":"europe-west1","displayName":"Belgium"},{"name":"projects/lpd-1-f3f9e/locations/europe-west10","labels":{"cloud.googleapis.com/location":"europe-west10","cloud.googleapis.com/region":"europe-west10"},"metadata":{"@type":"type.googleapis.com/google.firestore.admin.v1.LocationMetadata"},"locationId":"europe-west10","displayName":"Berlin"},{"name":"projects/lpd-1-f3f9e/locations/europe-west12","labels":{"cloud.googleapis.com/location":"europe-west12","cloud.googleapis.com/region":"europe-west12"},"metadata":{"@type":"type.googleapis.com/google.firestore.admin.v1.LocationMetadata"},"locationId":"europe-west12","displayName":"Turin"},{"name":"projects/lpd-1-f3f9e/locations/europe-west2","labels":{"appengine.googleapis.com/region":"europe-west2","cloud.googleapis.com/location":"europe-west2","cloud.googleapis.com/region":"europe-west2"},"metadata":{"@type":"type.googleapis.com/google.firestore.admin.v1.LocationMetadata"},"locationId":"europe-west2","displayName":"London"},{"name":"projects/lpd-1-f3f9e/locations/europe-west3","labels":{"appengine.googleapis.com/region":"europe-west3","cloud.googleapis.com/location":"europe-west3","cloud.googleapis.com/region":"europe-west3"},"metadata":{"@type":"type.googleapis.com/google.firestore.admin.v1.LocationMetadata"},"locationId":"europe-west3","displayName":"Frankfurt"},{"name":"projects/lpd-1-f3f9e/locations/europe-west4","labels":{"cloud.googleapis.com/location":"europe-west4","cloud.googleapis.com/region":"europe-west4"},"metadata":{"@type":"type.googleapis.com/google.firestore.admin.v1.LocationMetadata"},"locationId":"europe-west4","displayName":"Netherlands"},{"name":"projects/lpd-1-f3f9e/locations/europe-west6","labels":{"appengine.googleapis.com/region":"europe-west6","cloud.googleapis.com/location":"europe-west6","cloud.googleapis.com/region":"europe-west6"},"metadata":{"@type":"type.googleapis.com/google.firestore.admin.v1.LocationMetadata"},"locationId":"europe-west6","displayName":"Zurich"},{"name":"projects/lpd-1-f3f9e/locations/europe-west8","labels":{"cloud.googleapis.com/location":"europe-west8","cloud.googleapis.com/region":"europe-west8"},"metadata":{"@type":"type.googleapis.com/google.firestore.admin.v1.LocationMetadata"},"locationId":"europe-west8","displayName":"Milan"},{"name":"projects/lpd-1-f3f9e/locations/europe-west9","labels":{"cloud.googleapis.com/location":"europe-west9","cloud.googleapis.com/region":"europe-west9"},"metadata":{"@type":"type.googleapis.com/google.firestore.admin.v1.LocationMetadata"},"locationId":"europe-west9","displayName":"Paris"},{"name":"projects/lpd-1-f3f9e/locations/me-central1","labels":{"cloud.googleapis.com/location":"me-central1","cloud.googleapis.com/region":"me-central1"},"metadata":{"@type":"type.googleapis.com/google.firestore.admin.v1.LocationMetadata"},"locationId":"me-central1","displayName":"Doha"},{"name":"projects/lpd-1-f3f9e/locations/me-central2","labels":{"cloud.googleapis.com/location":"me-central2","cloud.googleapis.com/region":"me-central2"},"metadata":{"@type":"type.googleapis.com/google.firestore.admin.v1.LocationMetadata"},"locationId":"me-central2","displayName":"Dammam"},{"name":"projects/lpd-1-f3f9e/locations/me-west1","labels":{"cloud.googleapis.com/location":"me-west1","cloud.googleapis.com/region":"me-west1"},"metadata":{"@type":"type.googleapis.com/google.firestore.admin.v1.LocationMetadata"},"locationId":"me-west1","displayName":"Tel Aviv"},{"name":"projects/lpd-1-f3f9e/locations/northamerica-northeast1","labels":{"appengine.googleapis.com/region":"northamerica-northeast1","cloud.googleapis.com/location":"northamerica-northeast1","cloud.googleapis.com/region":"northamerica-northeast1"},"metadata":{"@type":"type.googleapis.com/google.firestore.admin.v1.LocationMetadata"},"locationId":"northamerica-northeast1","displayName":"Montréal"},{"name":"projects/lpd-1-f3f9e/locations/northamerica-northeast2","labels":{"cloud.googleapis.com/location":"northamerica-northeast2","cloud.googleapis.com/region":"northamerica-northeast2"},"metadata":{"@type":"type.googleapis.com/google.firestore.admin.v1.LocationMetadata"},"locationId":"northamerica-northeast2","displayName":"Toronto"},{"name":"projects/lpd-1-f3f9e/locations/northamerica-south1","labels":{"cloud.googleapis.com/location":"northamerica-south1","cloud.googleapis.com/region":"northamerica-south1"},"metadata":{"@type":"type.googleapis.com/google.firestore.admin.v1.LocationMetadata"},"locationId":"northamerica-south1","displayName":"Mexico"},{"name":"projects/lpd-1-f3f9e/locations/southamerica-east1","labels":{"appengine.googleapis.com/region":"southamerica-east1","cloud.googleapis.com/location":"southamerica-east1","cloud.googleapis.com/region":"southamerica-east1"},"metadata":{"@type":"type.googleapis.com/google.firestore.admin.v1.LocationMetadata"},"locationId":"southamerica-east1","displayName":"São Paulo"},{"name":"projects/lpd-1-f3f9e/locations/southamerica-west1","labels":{"cloud.googleapis.com/location":"southamerica-west1","cloud.googleapis.com/region":"southamerica-west1"},"metadata":{"@type":"type.googleapis.com/google.firestore.admin.v1.LocationMetadata"},"locationId":"southamerica-west1","displayName":"Santiago"},{"name":"projects/lpd-1-f3f9e/locations/us-central1","labels":{"cloud.googleapis.com/location":"us-central1","cloud.googleapis.com/region":"us-central1"},"metadata":{"@type":"type.googleapis.com/google.firestore.admin.v1.LocationMetadata"},"locationId":"us-central1","displayName":"Iowa"},{"name":"projects/lpd-1-f3f9e/locations/us-east1","labels":{"appengine.googleapis.com/region":"us-east1","cloud.googleapis.com/location":"us-east1","cloud.googleapis.com/region":"us-east1"},"metadata":{"@type":"type.googleapis.com/google.firestore.admin.v1.LocationMetadata"},"locationId":"us-east1","displayName":"South Carolina"},{"name":"projects/lpd-1-f3f9e/locations/us-east4","labels":{"appengine.googleapis.com/region":"us-east4","cloud.googleapis.com/location":"us-east4","cloud.googleapis.com/region":"us-east4"},"metadata":{"@type":"type.googleapis.com/google.firestore.admin.v1.LocationMetadata"},"locationId":"us-east4","displayName":"Northern Virginia"},{"name":"projects/lpd-1-f3f9e/locations/us-east5","labels":{"cloud.googleapis.com/location":"us-east5","cloud.googleapis.com/region":"us-east5"},"metadata":{"@type":"type.googleapis.com/google.firestore.admin.v1.LocationMetadata"},"locationId":"us-east5","displayName":"Columbus"},{"name":"projects/lpd-1-f3f9e/locations/us-south1","labels":{"cloud.googleapis.com/location":"us-south1","cloud.googleapis.com/region":"us-south1"},"metadata":{"@type":"type.googleapis.com/google.firestore.admin.v1.LocationMetadata"},"locationId":"us-south1","displayName":"Dallas"},{"name":"projects/lpd-1-f3f9e/locations/us-west1","labels":{"appengine.googleapis.com/region":"us-west1","cloud.googleapis.com/location":"us-west1","cloud.googleapis.com/region":"us-west1"},"metadata":{"@type":"type.googleapis.com/google.firestore.admin.v1.LocationMetadata"},"locationId":"us-west1","displayName":"Oregon"},{"name":"projects/lpd-1-f3f9e/locations/us-west2","labels":{"appengine.googleapis.com/region":"us-west2","cloud.googleapis.com/location":"us-west2","cloud.googleapis.com/region":"us-west2"},"metadata":{"@type":"type.googleapis.com/google.firestore.admin.v1.LocationMetadata"},"locationId":"us-west2","displayName":"Los Angeles"},{"name":"projects/lpd-1-f3f9e/locations/us-west3","labels":{"appengine.googleapis.com/region":"us-west3","cloud.googleapis.com/location":"us-west3","cloud.googleapis.com/region":"us-west3"},"metadata":{"@type":"type.googleapis.com/google.firestore.admin.v1.LocationMetadata"},"locationId":"us-west3","displayName":"Salt Lake City"},{"name":"projects/lpd-1-f3f9e/locations/us-west4","labels":{"appengine.googleapis.com/region":"us-west4","cloud.googleapis.com/location":"us-west4","cloud.googleapis.com/region":"us-west4"},"metadata":{"@type":"type.googleapis.com/google.firestore.admin.v1.LocationMetadata"},"locationId":"us-west4","displayName":"Las Vegas"},{"name":"projects/lpd-1-f3f9e/locations/us-west8","labels":{"cloud.googleapis.com/location":"us-west8","cloud.googleapis.com/region":"us-west8"},"metadata":{"@type":"type.googleapis.com/google.firestore.admin.v1.LocationMetadata"},"locationId":"us-west8","displayName":"Phoenix"}]}
[info] 
[info] Firestore Security Rules allow you to define how and when to allow
[info] requests. You can keep these rules in your project directory
[info] and publish them with firebase deploy.
[info] 
[debug] [2025-07-28T13:48:43.599Z] Checked if tokens are valid: true, expires at: 1753711810426
[debug] [2025-07-28T13:48:43.600Z] Checked if tokens are valid: true, expires at: 1753711810426
[debug] [2025-07-28T13:48:43.601Z] >>> [apiv2][query] GET https://firebaserules.googleapis.com/v1/projects/lpd-1-f3f9e/releases pageSize=10&pageToken=
[debug] [2025-07-28T13:48:44.513Z] <<< [apiv2][status] GET https://firebaserules.googleapis.com/v1/projects/lpd-1-f3f9e/releases 200
[debug] [2025-07-28T13:48:44.514Z] <<< [apiv2][body] GET https://firebaserules.googleapis.com/v1/projects/lpd-1-f3f9e/releases {}
[info] 
[info] Firestore indexes allow you to perform complex queries while
[info] maintaining performance that scales with the size of the result
[info] set. You can keep index definitions in your project directory
[info] and publish them with firebase deploy.
[info] 
[debug] [2025-07-28T13:48:46.922Z] Checked if tokens are valid: true, expires at: 1753711810426
[debug] [2025-07-28T13:48:46.922Z] Checked if tokens are valid: true, expires at: 1753711810426
[debug] [2025-07-28T13:48:46.923Z] Checked if tokens are valid: true, expires at: 1753711810426
[debug] [2025-07-28T13:48:46.923Z] Checked if tokens are valid: true, expires at: 1753711810426
[debug] [2025-07-28T13:48:46.924Z] >>> [apiv2][query] GET https://firestore.googleapis.com/v1/projects/lpd-1-f3f9e/databases/(default)/collectionGroups/-/indexes [none]
[debug] [2025-07-28T13:48:46.929Z] >>> [apiv2][query] GET https://firestore.googleapis.com/v1/projects/lpd-1-f3f9e/databases/(default)/collectionGroups/-/fields?filter=indexConfig.usesAncestorConfig=false OR ttlConfig:* [none]
[debug] [2025-07-28T13:48:48.026Z] <<< [apiv2][status] GET https://firestore.googleapis.com/v1/projects/lpd-1-f3f9e/databases/(default)/collectionGroups/-/indexes 404
[debug] [2025-07-28T13:48:48.027Z] <<< [apiv2][body] GET https://firestore.googleapis.com/v1/projects/lpd-1-f3f9e/databases/(default)/collectionGroups/-/indexes {"error":{"code":404,"message":"Project 'lpd-1-f3f9e' or database '(default)' does not exist.","status":"NOT_FOUND"}}
[info] +  Wrote firestore.rules 
[info] +  Wrote firestore.indexes.json 
[info] 
=== Hosting Setup
[debug] [2025-07-28T13:48:48.053Z] Checked if tokens are valid: true, expires at: 1753711810426
[debug] [2025-07-28T13:48:48.054Z] Checked if tokens are valid: true, expires at: 1753711810426
[debug] [2025-07-28T13:48:48.054Z] >>> [apiv2][query] GET https://firebase.googleapis.com/v1beta1/projects/lpd-1-f3f9e [none]
[debug] [2025-07-28T13:48:48.722Z] <<< [apiv2][status] GET https://firestore.googleapis.com/v1/projects/lpd-1-f3f9e/databases/(default)/collectionGroups/-/fields?filter=indexConfig.usesAncestorConfig=false OR ttlConfig:* 404
[debug] [2025-07-28T13:48:48.722Z] <<< [apiv2][body] GET https://firestore.googleapis.com/v1/projects/lpd-1-f3f9e/databases/(default)/collectionGroups/-/fields?filter=indexConfig.usesAncestorConfig=false OR ttlConfig:* {"error":{"code":404,"message":"Project 'lpd-1-f3f9e' or database '(default)' does not exist.","status":"NOT_FOUND"}}
[debug] [2025-07-28T13:48:48.866Z] <<< [apiv2][status] GET https://firebase.googleapis.com/v1beta1/projects/lpd-1-f3f9e 200
[debug] [2025-07-28T13:48:48.867Z] <<< [apiv2][body] GET https://firebase.googleapis.com/v1beta1/projects/lpd-1-f3f9e {"projectId":"lpd-1-f3f9e","projectNumber":"999936326553","displayName":"lpd 1","name":"projects/lpd-1-f3f9e","resources":{"hostingSite":"lpd-1-f3f9e"},"state":"ACTIVE","etag":"1_8d6e0cd4-7d96-4ef3-b5e1-a32a555d50c4"}
[info] 
[info] Your public directory is the folder (relative to your project directory) that
[info] will contain Hosting assets to be uploaded with firebase deploy. If you
[info] have a build process for your assets, use your build's output directory.
[info] 
[info] +  Wrote public/404.html 
[debug] [2025-07-28T13:49:13.729Z] >>> [apiv2][query] GET https://www.gstatic.com/firebasejs/releases.json [none]
[debug] [2025-07-28T13:49:13.959Z] <<< [apiv2][status] GET https://www.gstatic.com/firebasejs/releases.json 200
[debug] [2025-07-28T13:49:13.959Z] <<< [apiv2][body] GET https://www.gstatic.com/firebasejs/releases.json {"current":{"version":"12.0.0","browserURL":"https://www.gstatic.com/firebasejs/12.0.0/firebase.js","packageURL":"https://www.gstatic.com/firebasejs/12.0.0/firebase.tgz"},"live":{"version":"12.0","browserURL":"https://www.gstatic.com/firebasejs/live/12.0/firebase.js","packageURL":"https://www.gstatic.com/firebasejs/live/12.0/firebase.tgz"},"components":{"ai":"https://www.gstatic.com/firebasejs/12.0.0/firebase-ai.js","analytics":"https://www.gstatic.com/firebasejs/12.0.0/firebase-analytics.js","app":"https://www.gstatic.com/firebasejs/12.0.0/firebase-app.js","app-check":"https://www.gstatic.com/firebasejs/12.0.0/firebase-app-check.js","auth":"https://www.gstatic.com/firebasejs/12.0.0/firebase-auth.js","auth/cordova":"https://www.gstatic.com/firebasejs/12.0.0/firebase-auth/cordova.js","auth/web-extension":"https://www.gstatic.com/firebasejs/12.0.0/firebase-auth/web-extension.js","functions":"https://www.gstatic.com/firebasejs/12.0.0/firebase-functions.js","firestore":"https://www.gstatic.com/firebasejs/12.0.0/firebase-firestore.js","firestore/lite":"https://www.gstatic.com/firebasejs/12.0.0/firebase-firestore/lite.js","installations":"https://www.gstatic.com/firebasejs/12.0.0/firebase-installations.js","storage":"https://www.gstatic.com/firebasejs/12.0.0/firebase-storage.js","performance":"https://www.gstatic.com/firebasejs/12.0.0/firebase-performance.js","remote-config":"https://www.gstatic.com/firebasejs/12.0.0/firebase-remote-config.js","messaging":"https://www.gstatic.com/firebasejs/12.0.0/firebase-messaging.js","messaging/sw":"https://www.gstatic.com/firebasejs/12.0.0/firebase-messaging/sw.js","database":"https://www.gstatic.com/firebasejs/12.0.0/firebase-database.js","data-connect":"https://www.gstatic.com/firebasejs/12.0.0/firebase-data-connect.js","firestore.memory":"https://www.gstatic.com/firebasejs/12.0.0/firebase-firestore.memory.js"}}
[info] +  Wrote public/index.html 
[info] 
[info] i  Didn't detect a .git folder. Assuming C:\Users\Sijey\Desktop\LPD MS is the project root. 
[info] i  Authorizing with GitHub to upload your service account to a GitHub repository's secrets store. 
[info] 
[info] Visit this URL on this device to log in:
[info] https://github.com/login/oauth/authorize?client_id=89cf50f02ac6aaed3484&state=94376978&redirect_uri=http%3A%2F%2Flocalhost%3A9005&scope=read%3Auser%20repo%20public_repo
[info] 
[info] Waiting for authentication...
[debug] [2025-07-28T13:53:49.178Z] >>> [apiv2][query] POST https://github.com/login/oauth/access_token [none]
[debug] [2025-07-28T13:53:49.178Z] >>> [apiv2][body] POST https://github.com/login/oauth/access_token [stream]
[debug] [2025-07-28T13:53:49.761Z] <<< [apiv2][status] POST https://github.com/login/oauth/access_token 200
[debug] [2025-07-28T13:53:49.761Z] <<< [apiv2][body] POST https://github.com/login/oauth/access_token {"access_token":"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","token_type":"bearer","scope":"read:user,repo"}
[debug] [2025-07-28T13:53:49.780Z] >>> [apiv2][query] GET https://api.github.com/user [none]
[debug] [2025-07-28T13:53:50.365Z] <<< [apiv2][status] GET https://api.github.com/user 200
[debug] [2025-07-28T13:53:50.366Z] <<< [apiv2][body] GET https://api.github.com/user {"login":"sij-ey","id":159805157,"node_id":"U_kgDOCYZu5Q","avatar_url":"https://avatars.githubusercontent.com/u/159805157?v=4","gravatar_id":"","url":"https://api.github.com/users/sij-ey","html_url":"https://github.com/sij-ey","followers_url":"https://api.github.com/users/sij-ey/followers","following_url":"https://api.github.com/users/sij-ey/following{/other_user}","gists_url":"https://api.github.com/users/sij-ey/gists{/gist_id}","starred_url":"https://api.github.com/users/sij-ey/starred{/owner}{/repo}","subscriptions_url":"https://api.github.com/users/sij-ey/subscriptions","organizations_url":"https://api.github.com/users/sij-ey/orgs","repos_url":"https://api.github.com/users/sij-ey/repos","events_url":"https://api.github.com/users/sij-ey/events{/privacy}","received_events_url":"https://api.github.com/users/sij-ey/received_events","type":"User","user_view_type":"private","site_admin":false,"name":null,"company":null,"blog":"","location":null,"email":null,"hireable":null,"bio":null,"twitter_username":null,"notification_email":null,"public_repos":13,"public_gists":0,"followers":0,"following":0,"created_at":"2024-02-12T16:17:22Z","updated_at":"2025-07-10T07:44:45Z","private_gists":0,"total_private_repos":2,"owned_private_repos":2,"disk_usage":15029,"collaborators":0,"two_factor_authentication":false,"plan":{"name":"free","space":976562499,"collaborators":0,"private_repos":10000}}
[info] 
[info] +  Success! Logged into GitHub as sij-ey 
[info] 
[debug] [2025-07-28T13:53:50.381Z] >>> [apiv2][query] GET https://api.github.com/repos/n/actions/secrets/public-key type=owner
[debug] [2025-07-28T13:53:50.775Z] <<< [apiv2][status] GET https://api.github.com/repos/n/actions/secrets/public-key 404
[debug] [2025-07-28T13:53:50.776Z] <<< [apiv2][body] GET https://api.github.com/repos/n/actions/secrets/public-key {"message":"Not Found","documentation_url":"https://docs.github.com/rest","status":"404"}
[info] 
[info] 
[error] !  The provided authorization cannot be used with this repository. If this repository is in an organization, did you remember to grant access? 
[info] 
[info] i  Action required: Visit this URL to ensure access has been granted to the appropriate organization(s) for the Firebase CLI GitHub OAuth App: 
[info] https://github.com/settings/connections/applications/89cf50f02ac6aaed3484
[info] 
[debug] [2025-07-28T13:56:09.174Z] >>> [apiv2][query] GET https://api.github.com/repos//actions/secrets/public-key type=owner
[debug] [2025-07-28T13:56:09.791Z] <<< [apiv2][status] GET https://api.github.com/repos//actions/secrets/public-key 404
[debug] [2025-07-28T13:56:09.791Z] <<< [apiv2][body] GET https://api.github.com/repos//actions/secrets/public-key {"message":"Not Found","documentation_url":"https://docs.github.com/rest","status":"404"}
[info] 
[info] 
[error] !  The provided authorization cannot be used with this repository. If this repository is in an organization, did you remember to grant access? 
[info] 
[info] i  Action required: Visit this URL to ensure access has been granted to the appropriate organization(s) for the Firebase CLI GitHub OAuth App: 
[info] https://github.com/settings/connections/applications/89cf50f02ac6aaed3484
[info] 
